<?xml version="1.0" encoding="UTF-8"?>
<testng-results ignored="0" total="1" passed="1" failed="0" skipped="0">
  <reporter-output>
  </reporter-output>
  <suite started-at="2024-10-18T10:44:57 IST" name="Suite" finished-at="2024-10-18T10:44:59 IST" duration-ms="1927">
    <groups>
    </groups>
    <test started-at="2024-10-18T10:44:57 IST" name="Regression" finished-at="2024-10-18T10:44:59 IST" duration-ms="1927">
      <class name="demoJenkins.demoTest1">
        <test-method signature="method1()[pri:0, instance:demoJenkins.demoTest1@56de5251]" started-at="2024-10-18T10:44:57 IST" name="method1" finished-at="2024-10-18T10:44:59 IST" duration-ms="1875" status="PASS">
          <reporter-output>
          </reporter-output>
        </test-method> <!-- method1 -->
      </class> <!-- demoJenkins.demoTest1 -->
    </test> <!-- Regression -->
  </suite> <!-- Suite -->
</testng-results>
